2022.01.15 04:37:05 INFO  tracing is disabled for protocol LSP, to enable tracing of incoming and outgoing JSON messages create an empty file at c:\Users\Abanda\Downloads\workshop\zio-akka-quickstart\.metals\lsp.trace.json or C:\Users\Abanda\AppData\Local\scalameta\metals\cache\lsp.trace.json
2022.01.15 04:37:07 INFO  logging to file C:\Users\Abanda\Downloads\workshop\zio-akka-quickstart\.metals\metals.log
2022.01.15 04:37:07 INFO  Started: Metals version 0.11.0 in workspace 'C:\Users\Abanda\Downloads\workshop\zio-akka-quickstart' for client Visual Studio Code 1.63.2.
2022.01.15 04:37:07 INFO  Parse release: 1.8.0_281
2022.01.15 04:37:09 INFO  time: initialize in 2.78s
2022.01.15 04:37:10 WARN  Build server is not auto-connectable.
Align: top-level presets deprecated; use 'preset' subsection
IndentOperator: top-level presets deprecated; use 'preset' subsection
DanglingParentheses: top-level presets deprecated; use 'preset' subsection
2022.01.15 04:50:38 WARN  no build target for: C:\Users\Abanda\Downloads\workshop\zio-akka-quickstart\src\main\scala\me\abanda\api\graphql\GraphQLApi.scala
2022.01.15 04:50:43 INFO  no build target found for C:\Users\Abanda\Downloads\workshop\zio-akka-quickstart\src\main\scala\me\abanda\api\graphql\GraphQLApi.scala. Using presentation compiler with project's scala-library version: 3.1.0
2022.01.15 04:50:47 INFO  time: code lens generation in 7.5s
2022.01.15 04:52:20 WARN  no build target for: C:\Users\Abanda\Downloads\workshop\zio-akka-quickstart\src\main\scala\me\abanda\application\ApplicationService.scala
Exception in thread "pool-3-thread-1" java.lang.AssertionError: NoDenotation.owner
	at dotty.tools.dotc.core.SymDenotations$NoDenotation$.owner(SymDenotations.scala:2503)
	at dotty.tools.dotc.semanticdb.ExtractSemanticDB$Extractor.traverse(ExtractSemanticDB.scala:186)
	at dotty.tools.dotc.ast.Trees$Instance$TreeTraverser.apply(Trees.scala:1647)
	at dotty.tools.dotc.ast.Trees$Instance$TreeTraverser.apply(Trees.scala:1647)
	at dotty.tools.dotc.ast.Trees$Instance$TreeAccumulator.foldOver(Trees.scala:1547)
	at dotty.tools.dotc.ast.Trees$Instance$TreeTraverser.traverseChildren(Trees.scala:1648)
	at dotty.tools.dotc.semanticdb.ExtractSemanticDB$Extractor.traverse(ExtractSemanticDB.scala:259)
	at dotty.tools.dotc.ast.Trees$Instance$TreeTraverser.apply(Trees.scala:1647)
	at dotty.tools.dotc.ast.Trees$Instance$TreeTraverser.apply(Trees.scala:1647)
	at dotty.tools.dotc.ast.Trees$Instance$TreeAccumulator.foldOver(Trees.scala:1555)
	at dotty.tools.dotc.ast.Trees$Instance$TreeTraverser.traverseChildren(Trees.scala:1648)
	at dotty.tools.dotc.semanticdb.ExtractSemanticDB$Extractor.traverse(ExtractSemanticDB.scala:259)
	at dotty.tools.dotc.ast.Trees$Instance$TreeTraverser.apply(Trees.scala:1647)
	at dotty.tools.dotc.ast.Trees$Instance$TreeTraverser.apply(Trees.scala:1647)
	at dotty.tools.dotc.ast.Trees$Instance$TreeAccumulator.foldOver(Trees.scala:1563)
	at dotty.tools.dotc.ast.Trees$Instance$TreeTraverser.traverseChildren(Trees.scala:1648)
	at dotty.tools.dotc.semanticdb.ExtractSemanticDB$Extractor.traverse(ExtractSemanticDB.scala:259)
	at dotty.tools.dotc.ast.Trees$Instance$TreeTraverser.apply(Trees.scala:1647)
	at dotty.tools.dotc.ast.Trees$Instance$TreeTraverser.apply(Trees.scala:1647)
	at dotty.tools.dotc.ast.Trees$Instance$TreeAccumulator.fold$1(Trees.scala:1522)
	at dotty.tools.dotc.ast.Trees$Instance$TreeAccumulator.apply(Trees.scala:1524)
	at dotty.tools.dotc.ast.Trees$Instance$TreeAccumulator.foldOver(Trees.scala:1561)
	at dotty.tools.dotc.ast.Trees$Instance$TreeTraverser.traverseChildren(Trees.scala:1648)
	at dotty.tools.dotc.semanticdb.ExtractSemanticDB$Extractor.traverse(ExtractSemanticDB.scala:259)
	at dotty.tools.dotc.semanticdb.ExtractSemanticDB$Extractor.traverse$$anonfun$12(ExtractSemanticDB.scala:214)
	at scala.runtime.function.JProcedure1.apply(JProcedure1.java:15)
	at scala.runtime.function.JProcedure1.apply(JProcedure1.java:10)
	at scala.collection.immutable.List.foreach(List.scala:333)
	at dotty.tools.dotc.semanticdb.ExtractSemanticDB$Extractor.traverse(ExtractSemanticDB.scala:214)
	at dotty.tools.dotc.ast.Trees$Instance$TreeTraverser.apply(Trees.scala:1647)
	at dotty.tools.dotc.ast.Trees$Instance$TreeTraverser.apply(Trees.scala:1647)
	at dotty.tools.dotc.ast.Trees$Instance$TreeAccumulator.foldOver(Trees.scala:1606)
	at dotty.tools.dotc.ast.Trees$Instance$TreeTraverser.traverseChildren(Trees.scala:1648)
	at dotty.tools.dotc.semanticdb.ExtractSemanticDB$Extractor.traverse(ExtractSemanticDB.scala:177)
	at dotty.tools.dotc.semanticdb.ExtractSemanticDB$Extractor.traverse$$anonfun$10(ExtractSemanticDB.scala:200)
	at scala.runtime.function.JProcedure1.apply(JProcedure1.java:15)
	at scala.runtime.function.JProcedure1.apply(JProcedure1.java:10)
	at scala.collection.immutable.List.foreach(List.scala:333)
	at dotty.tools.dotc.semanticdb.ExtractSemanticDB$Extractor.traverse(ExtractSemanticDB.scala:200)
	at dotty.tools.dotc.ast.Trees$Instance$TreeTraverser.apply(Trees.scala:1647)
	at dotty.tools.dotc.ast.Trees$Instance$TreeTraverser.apply(Trees.scala:1647)
	at dotty.tools.dotc.ast.Trees$Instance$TreeAccumulator.foldOver(Trees.scala:1614)
	at dotty.tools.dotc.ast.Trees$Instance$TreeAccumulator.foldOver(Trees.scala:1528)
	at dotty.tools.dotc.ast.Trees$Instance$TreeTraverser.traverseChildren(Trees.scala:1648)
	at dotty.tools.dotc.semanticdb.ExtractSemanticDB$Extractor.traverse(ExtractSemanticDB.scala:174)
	at dotty.tools.dotc.semanticdb.ExtractSemanticDB$Extractor.traverse$$anonfun$1(ExtractSemanticDB.scala:138)
	at scala.runtime.function.JProcedure1.apply(JProcedure1.java:15)
	at scala.runtime.function.JProcedure1.apply(JProcedure1.java:10)
	at scala.collection.immutable.List.foreach(List.scala:333)
	at dotty.tools.dotc.semanticdb.ExtractSemanticDB$Extractor.traverse(ExtractSemanticDB.scala:138)
	at scala.meta.internal.pc.SemanticdbTextDocumentProvider.textDocument(SemanticdbTextDocumentProvider.scala:39)
	at scala.meta.internal.pc.ScalaPresentationCompiler.semanticdbTextDocument$$anonfun$1(ScalaPresentationCompiler.scala:231)
	at scala.meta.internal.pc.CompilerAccess.withSharedCompiler(CompilerAccess.scala:137)
	at scala.meta.internal.pc.CompilerAccess.withNonInterruptableCompiler$$anonfun$1(CompilerAccess.scala:125)
	at scala.meta.internal.pc.CompilerAccess.onCompilerJobQueue$$anonfun$1(CompilerAccess.scala:197)
	at scala.meta.internal.pc.CompilerJobQueue$Job.run(CompilerJobQueue.scala:139)
	at java.util.concurrent.ThreadPoolExecutor.runWorker(ThreadPoolExecutor.java:1149)
	at java.util.concurrent.ThreadPoolExecutor$Worker.run(ThreadPoolExecutor.java:624)
	at java.lang.Thread.run(Thread.java:748)
Exception in thread "pool-3-thread-2" java.lang.AssertionError: NoDenotation.owner
	at dotty.tools.dotc.core.SymDenotations$NoDenotation$.owner(SymDenotations.scala:2503)
	at dotty.tools.dotc.semanticdb.ExtractSemanticDB$Extractor.traverse(ExtractSemanticDB.scala:186)
	at dotty.tools.dotc.ast.Trees$Instance$TreeTraverser.apply(Trees.scala:1647)
	at dotty.tools.dotc.ast.Trees$Instance$TreeTraverser.apply(Trees.scala:1647)
	at dotty.tools.dotc.ast.Trees$Instance$TreeAccumulator.foldOver(Trees.scala:1547)
	at dotty.tools.dotc.ast.Trees$Instance$TreeTraverser.traverseChildren(Trees.scala:1648)
	at dotty.tools.dotc.semanticdb.ExtractSemanticDB$Extractor.traverse(ExtractSemanticDB.scala:259)
	at dotty.tools.dotc.ast.Trees$Instance$TreeTraverser.apply(Trees.scala:1647)
	at dotty.tools.dotc.ast.Trees$Instance$TreeTraverser.apply(Trees.scala:1647)
	at dotty.tools.dotc.ast.Trees$Instance$TreeAccumulator.foldOver(Trees.scala:1555)
	at dotty.tools.dotc.ast.Trees$Instance$TreeTraverser.traverseChildren(Trees.scala:1648)
	at dotty.tools.dotc.semanticdb.ExtractSemanticDB$Extractor.traverse(ExtractSemanticDB.scala:259)
	at dotty.tools.dotc.ast.Trees$Instance$TreeTraverser.apply(Trees.scala:1647)
	at dotty.tools.dotc.ast.Trees$Instance$TreeTraverser.apply(Trees.scala:1647)
	at dotty.tools.dotc.ast.Trees$Instance$TreeAccumulator.foldOver(Trees.scala:1563)
	at dotty.tools.dotc.ast.Trees$Instance$TreeTraverser.traverseChildren(Trees.scala:1648)
	at dotty.tools.dotc.semanticdb.ExtractSemanticDB$Extractor.traverse(ExtractSemanticDB.scala:259)
	at dotty.tools.dotc.ast.Trees$Instance$TreeTraverser.apply(Trees.scala:1647)
	at dotty.tools.dotc.ast.Trees$Instance$TreeTraverser.apply(Trees.scala:1647)
	at dotty.tools.dotc.ast.Trees$Instance$TreeAccumulator.fold$1(Trees.scala:1522)
	at dotty.tools.dotc.ast.Trees$Instance$TreeAccumulator.apply(Trees.scala:1524)
	at dotty.tools.dotc.ast.Trees$Instance$TreeAccumulator.foldOver(Trees.scala:1561)
	at dotty.tools.dotc.ast.Trees$Instance$TreeTraverser.traverseChildren(Trees.scala:1648)
	at dotty.tools.dotc.semanticdb.ExtractSemanticDB$Extractor.traverse(ExtractSemanticDB.scala:259)
	at dotty.tools.dotc.semanticdb.ExtractSemanticDB$Extractor.traverse$$anonfun$12(ExtractSemanticDB.scala:214)
	at scala.runtime.function.JProcedure1.apply(JProcedure1.java:15)
	at scala.runtime.function.JProcedure1.apply(JProcedure1.java:10)
	at scala.collection.immutable.List.foreach(List.scala:333)
	at dotty.tools.dotc.semanticdb.ExtractSemanticDB$Extractor.traverse(ExtractSemanticDB.scala:214)
	at dotty.tools.dotc.ast.Trees$Instance$TreeTraverser.apply(Trees.scala:1647)
	at dotty.tools.dotc.ast.Trees$Instance$TreeTraverser.apply(Trees.scala:1647)
	at dotty.tools.dotc.ast.Trees$Instance$TreeAccumulator.foldOver(Trees.scala:1606)
	at dotty.tools.dotc.ast.Trees$Instance$TreeTraverser.traverseChildren(Trees.scala:1648)
	at dotty.tools.dotc.semanticdb.ExtractSemanticDB$Extractor.traverse(ExtractSemanticDB.scala:177)
	at dotty.tools.dotc.semanticdb.ExtractSemanticDB$Extractor.traverse$$anonfun$10(ExtractSemanticDB.scala:200)
	at scala.runtime.function.JProcedure1.apply(JProcedure1.java:15)
	at scala.runtime.function.JProcedure1.apply(JProcedure1.java:10)
	at scala.collection.immutable.List.foreach(List.scala:333)
	at dotty.tools.dotc.semanticdb.ExtractSemanticDB$Extractor.traverse(ExtractSemanticDB.scala:200)
	at dotty.tools.dotc.ast.Trees$Instance$TreeTraverser.apply(Trees.scala:1647)
	at dotty.tools.dotc.ast.Trees$Instance$TreeTraverser.apply(Trees.scala:1647)
	at dotty.tools.dotc.ast.Trees$Instance$TreeAccumulator.foldOver(Trees.scala:1614)
	at dotty.tools.dotc.ast.Trees$Instance$TreeAccumulator.foldOver(Trees.scala:1528)
	at dotty.tools.dotc.ast.Trees$Instance$TreeTraverser.traverseChildren(Trees.scala:1648)
	at dotty.tools.dotc.semanticdb.ExtractSemanticDB$Extractor.traverse(ExtractSemanticDB.scala:174)
	at dotty.tools.dotc.semanticdb.ExtractSemanticDB$Extractor.traverse$$anonfun$1(ExtractSemanticDB.scala:138)
	at scala.runtime.function.JProcedure1.apply(JProcedure1.java:15)
	at scala.runtime.function.JProcedure1.apply(JProcedure1.java:10)
	at scala.collection.immutable.List.foreach(List.scala:333)
	at dotty.tools.dotc.semanticdb.ExtractSemanticDB$Extractor.traverse(ExtractSemanticDB.scala:138)
	at scala.meta.internal.pc.SemanticdbTextDocumentProvider.textDocument(SemanticdbTextDocumentProvider.scala:39)
	at scala.meta.internal.pc.ScalaPresentationCompiler.semanticdbTextDocument$$anonfun$1(ScalaPresentationCompiler.scala:231)
	at scala.meta.internal.pc.CompilerAccess.withSharedCompiler(CompilerAccess.scala:137)
	at scala.meta.internal.pc.CompilerAccess.withNonInterruptableCompiler$$anonfun$1(CompilerAccess.scala:125)
	at scala.meta.internal.pc.CompilerAccess.onCompilerJobQueue$$anonfun$1(CompilerAccess.scala:197)
	at scala.meta.internal.pc.CompilerJobQueue$Job.run(CompilerJobQueue.scala:139)
	at java.util.concurrent.ThreadPoolExecutor.runWorker(ThreadPoolExecutor.java:1149)
	at java.util.concurrent.ThreadPoolExecutor$Worker.run(ThreadPoolExecutor.java:624)
	at java.lang.Thread.run(Thread.java:748)
2022.01.15 04:52:54 WARN  no build target for: C:\Users\Abanda\Downloads\workshop\zio-akka-quickstart\src\main\scala\me\abanda\infrastructure\tables\ItemsTable.scala
2022.01.15 04:53:00 INFO  time: code lens generation in 39s
2022.01.15 04:53:00 INFO  time: code lens generation in 5.87s
Exception in thread "pool-3-thread-3" java.lang.AssertionError: NoDenotation.owner
	at dotty.tools.dotc.core.SymDenotations$NoDenotation$.owner(SymDenotations.scala:2503)
	at dotty.tools.dotc.semanticdb.ExtractSemanticDB$Extractor.traverse(ExtractSemanticDB.scala:186)
	at dotty.tools.dotc.ast.Trees$Instance$TreeTraverser.apply(Trees.scala:1647)
	at dotty.tools.dotc.ast.Trees$Instance$TreeTraverser.apply(Trees.scala:1647)
	at dotty.tools.dotc.ast.Trees$Instance$TreeAccumulator.foldOver(Trees.scala:1547)
	at dotty.tools.dotc.ast.Trees$Instance$TreeTraverser.traverseChildren(Trees.scala:1648)
	at dotty.tools.dotc.semanticdb.ExtractSemanticDB$Extractor.traverse(ExtractSemanticDB.scala:259)
	at dotty.tools.dotc.ast.Trees$Instance$TreeTraverser.apply(Trees.scala:1647)
	at dotty.tools.dotc.ast.Trees$Instance$TreeTraverser.apply(Trees.scala:1647)
	at dotty.tools.dotc.ast.Trees$Instance$TreeAccumulator.foldOver(Trees.scala:1555)
	at dotty.tools.dotc.ast.Trees$Instance$TreeTraverser.traverseChildren(Trees.scala:1648)
	at dotty.tools.dotc.semanticdb.ExtractSemanticDB$Extractor.traverse(ExtractSemanticDB.scala:259)
	at dotty.tools.dotc.ast.Trees$Instance$TreeTraverser.apply(Trees.scala:1647)
	at dotty.tools.dotc.ast.Trees$Instance$TreeTraverser.apply(Trees.scala:1647)
	at dotty.tools.dotc.ast.Trees$Instance$TreeAccumulator.foldOver(Trees.scala:1563)
	at dotty.tools.dotc.ast.Trees$Instance$TreeTraverser.traverseChildren(Trees.scala:1648)
	at dotty.tools.dotc.semanticdb.ExtractSemanticDB$Extractor.traverse(ExtractSemanticDB.scala:259)
	at dotty.tools.dotc.ast.Trees$Instance$TreeTraverser.apply(Trees.scala:1647)
	at dotty.tools.dotc.ast.Trees$Instance$TreeTraverser.apply(Trees.scala:1647)
	at dotty.tools.dotc.ast.Trees$Instance$TreeAccumulator.fold$1(Trees.scala:1522)
	at dotty.tools.dotc.ast.Trees$Instance$TreeAccumulator.apply(Trees.scala:1524)
	at dotty.tools.dotc.ast.Trees$Instance$TreeAccumulator.foldOver(Trees.scala:1561)
	at dotty.tools.dotc.ast.Trees$Instance$TreeTraverser.traverseChildren(Trees.scala:1648)
	at dotty.tools.dotc.semanticdb.ExtractSemanticDB$Extractor.traverse(ExtractSemanticDB.scala:259)
	at dotty.tools.dotc.semanticdb.ExtractSemanticDB$Extractor.traverse$$anonfun$12(ExtractSemanticDB.scala:214)
	at scala.runtime.function.JProcedure1.apply(JProcedure1.java:15)
	at scala.runtime.function.JProcedure1.apply(JProcedure1.java:10)
	at scala.collection.immutable.List.foreach(List.scala:333)
	at dotty.tools.dotc.semanticdb.ExtractSemanticDB$Extractor.traverse(ExtractSemanticDB.scala:214)
	at dotty.tools.dotc.ast.Trees$Instance$TreeTraverser.apply(Trees.scala:1647)
	at dotty.tools.dotc.ast.Trees$Instance$TreeTraverser.apply(Trees.scala:1647)
	at dotty.tools.dotc.ast.Trees$Instance$TreeAccumulator.foldOver(Trees.scala:1606)
	at dotty.tools.dotc.ast.Trees$Instance$TreeTraverser.traverseChildren(Trees.scala:1648)
	at dotty.tools.dotc.semanticdb.ExtractSemanticDB$Extractor.traverse(ExtractSemanticDB.scala:177)
	at dotty.tools.dotc.semanticdb.ExtractSemanticDB$Extractor.traverse$$anonfun$10(ExtractSemanticDB.scala:200)
	at scala.runtime.function.JProcedure1.apply(JProcedure1.java:15)
	at scala.runtime.function.JProcedure1.apply(JProcedure1.java:10)
	at scala.collection.immutable.List.foreach(List.scala:333)
	at dotty.tools.dotc.semanticdb.ExtractSemanticDB$Extractor.traverse(ExtractSemanticDB.scala:200)
	at dotty.tools.dotc.ast.Trees$Instance$TreeTraverser.apply(Trees.scala:1647)
	at dotty.tools.dotc.ast.Trees$Instance$TreeTraverser.apply(Trees.scala:1647)
	at dotty.tools.dotc.ast.Trees$Instance$TreeAccumulator.foldOver(Trees.scala:1614)
	at dotty.tools.dotc.ast.Trees$Instance$TreeAccumulator.foldOver(Trees.scala:1528)
	at dotty.tools.dotc.ast.Trees$Instance$TreeTraverser.traverseChildren(Trees.scala:1648)
	at dotty.tools.dotc.semanticdb.ExtractSemanticDB$Extractor.traverse(ExtractSemanticDB.scala:174)
	at dotty.tools.dotc.semanticdb.ExtractSemanticDB$Extractor.traverse$$anonfun$1(ExtractSemanticDB.scala:138)
	at scala.runtime.function.JProcedure1.apply(JProcedure1.java:15)
	at scala.runtime.function.JProcedure1.apply(JProcedure1.java:10)
	at scala.collection.immutable.List.foreach(List.scala:333)
	at dotty.tools.dotc.semanticdb.ExtractSemanticDB$Extractor.traverse(ExtractSemanticDB.scala:138)
	at scala.meta.internal.pc.SemanticdbTextDocumentProvider.textDocument(SemanticdbTextDocumentProvider.scala:39)
	at scala.meta.internal.pc.ScalaPresentationCompiler.semanticdbTextDocument$$anonfun$1(ScalaPresentationCompiler.scala:231)
	at scala.meta.internal.pc.CompilerAccess.withSharedCompiler(CompilerAccess.scala:137)
	at scala.meta.internal.pc.CompilerAccess.withNonInterruptableCompiler$$anonfun$1(CompilerAccess.scala:125)
	at scala.meta.internal.pc.CompilerAccess.onCompilerJobQueue$$anonfun$1(CompilerAccess.scala:197)
	at scala.meta.internal.pc.CompilerJobQueue$Job.run(CompilerJobQueue.scala:139)
	at java.util.concurrent.ThreadPoolExecutor.runWorker(ThreadPoolExecutor.java:1149)
	at java.util.concurrent.ThreadPoolExecutor$Worker.run(ThreadPoolExecutor.java:624)
	at java.lang.Thread.run(Thread.java:748)
2022.01.15 04:53:20 INFO  time: code lens generation in 11s
2022.01.15 04:53:22 WARN  no build target for: C:\Users\Abanda\Downloads\workshop\zio-akka-quickstart\src\main\scala\me\abanda\api\healthcheck\DbStatus.scala
2022.01.15 04:53:24 WARN  no build target for: C:\Users\Abanda\Downloads\workshop\zio-akka-quickstart\src\main\scala\me\abanda\api\healthcheck\HealthCheckService.scala
2022.01.15 04:53:31 WARN  no build target for: C:\Users\Abanda\Downloads\workshop\zio-akka-quickstart\src\main\scala\me\abanda\domain\ItemRepository.scala
2022.01.15 04:54:04 WARN  no build target for: C:\Users\Abanda\Downloads\workshop\zio-akka-quickstart\src\main\scala\me\abanda\domain\Subscriber.scala
2022.01.15 04:54:05 WARN  no build target for: C:\Users\Abanda\Downloads\workshop\zio-akka-quickstart\src\main\scala\me\abanda\domain\ItemRepository.scala
2022.01.15 04:54:07 WARN  no build target for: C:\Users\Abanda\Downloads\workshop\zio-akka-quickstart\src\main\scala\me\abanda\domain\models.scala
2022.01.15 04:54:08 WARN  no build target for: C:\Users\Abanda\Downloads\workshop\zio-akka-quickstart\src\main\scala\me\abanda\domain\Subscriber.scala
2022.01.15 04:54:14 WARN  no build target for: C:\Users\Abanda\Downloads\workshop\zio-akka-quickstart\src\main\scala\me\abanda\domain\ItemRepository.scala
2022.01.16 00:20:34 INFO  tracing is disabled for protocol LSP, to enable tracing of incoming and outgoing JSON messages create an empty file at c:\Users\Abanda\Downloads\workshop\zio-akka-quickstart\.metals\lsp.trace.json or C:\Users\Abanda\AppData\Local\scalameta\metals\cache\lsp.trace.json
2022.01.16 00:20:35 INFO  logging to file C:\Users\Abanda\Downloads\workshop\zio-akka-quickstart\.metals\metals.log
2022.01.16 00:20:35 INFO  Started: Metals version 0.11.0 in workspace 'C:\Users\Abanda\Downloads\workshop\zio-akka-quickstart' for client Visual Studio Code 1.63.2.
2022.01.16 00:20:35 INFO  Parse release: 1.8.0_281
2022.01.16 00:20:37 INFO  time: initialize in 2.32s
2022.01.16 00:20:42 WARN  Build server is not auto-connectable.
2022.01.16 00:20:43 WARN  no build target for: C:\Users\Abanda\Downloads\workshop\zio-akka-quickstart\src\main\scala\me\abanda\domain\ItemRepository.scala
2022.01.16 00:20:44 INFO  skipping build import with status 'Requested'
Align: top-level presets deprecated; use 'preset' subsection
IndentOperator: top-level presets deprecated; use 'preset' subsection
DanglingParentheses: top-level presets deprecated; use 'preset' subsection
2022.01.16 00:20:58 INFO  no build target found for C:\Users\Abanda\Downloads\workshop\zio-akka-quickstart\src\main\scala\me\abanda\domain\ItemRepository.scala. Using presentation compiler with project's scala-library version: 3.1.0
2022.01.16 00:21:00 WARN  no build target for: C:\Users\Abanda\Downloads\workshop\zio-akka-quickstart\src\main\scala\me\abanda\api\graphql\GraphQLApi.scala
2022.01.16 00:21:06 INFO  time: code lens generation in 4.66s
2022.01.16 00:21:06 INFO  time: code lens generation in 18s
2022.01.17 22:12:36 INFO  tracing is disabled for protocol LSP, to enable tracing of incoming and outgoing JSON messages create an empty file at c:\Users\Abanda\Downloads\workshop\zio-akka-quickstart\.metals\lsp.trace.json or C:\Users\Abanda\AppData\Local\scalameta\metals\cache\lsp.trace.json
2022.01.17 22:12:41 INFO  logging to file C:\Users\Abanda\Downloads\workshop\zio-akka-quickstart\.metals\metals.log
2022.01.17 22:12:41 INFO  Started: Metals version 0.11.1 in workspace 'C:\Users\Abanda\Downloads\workshop\zio-akka-quickstart' for client Visual Studio Code 1.63.2.
2022.01.17 22:12:41 INFO  Parse release: 1.8.0_281
2022.01.17 22:12:47 INFO  time: initialize in 6.09s
2022.01.17 22:12:53 WARN  Build server is not auto-connectable.
2022.01.17 22:12:55 INFO  skipping build import with status 'Requested'
Align: top-level presets deprecated; use 'preset' subsection
IndentOperator: top-level presets deprecated; use 'preset' subsection
DanglingParentheses: top-level presets deprecated; use 'preset' subsection
2022.01.17 22:40:15 WARN  no build target for: C:\Users\Abanda\Downloads\workshop\zio-akka-quickstart\src\main\scala\me\abanda\infrastructure\tables\ItemsTable.scala
Jan 17, 2022 10:40:18 PM org.eclipse.lsp4j.jsonrpc.RemoteEndpoint handleCancellation
WARNING: Unmatched cancel notification for request id 1
2022.01.17 22:40:23 INFO  no build target found for C:\Users\Abanda\Downloads\workshop\zio-akka-quickstart\src\main\scala\me\abanda\infrastructure\tables\ItemsTable.scala. Using presentation compiler with project's scala-library version: 3.1.0
2022.01.17 22:40:32 INFO  time: code lens generation in 14s
2022.01.17 22:46:43 WARN  no build target for: C:\Users\Abanda\Downloads\workshop\zio-akka-quickstart\src\main\scala\me\abanda\api\Api.scala
2022.01.17 22:46:44 WARN  no build target for: C:\Users\Abanda\Downloads\workshop\zio-akka-quickstart\src\main\scala\me\abanda\application\ApplicationService.scala
Exception in thread "pool-3-thread-1" java.lang.AssertionError: NoDenotation.owner
	at dotty.tools.dotc.core.SymDenotations$NoDenotation$.owner(SymDenotations.scala:2503)
	at dotty.tools.dotc.semanticdb.ExtractSemanticDB$Extractor.traverse(ExtractSemanticDB.scala:186)
	at dotty.tools.dotc.ast.Trees$Instance$TreeTraverser.apply(Trees.scala:1647)
	at dotty.tools.dotc.ast.Trees$Instance$TreeTraverser.apply(Trees.scala:1647)
	at dotty.tools.dotc.ast.Trees$Instance$TreeAccumulator.foldOver(Trees.scala:1547)
	at dotty.tools.dotc.ast.Trees$Instance$TreeTraverser.traverseChildren(Trees.scala:1648)
	at dotty.tools.dotc.semanticdb.ExtractSemanticDB$Extractor.traverse(ExtractSemanticDB.scala:259)
	at dotty.tools.dotc.ast.Trees$Instance$TreeTraverser.apply(Trees.scala:1647)
	at dotty.tools.dotc.ast.Trees$Instance$TreeTraverser.apply(Trees.scala:1647)
	at dotty.tools.dotc.ast.Trees$Instance$TreeAccumulator.foldOver(Trees.scala:1555)
	at dotty.tools.dotc.ast.Trees$Instance$TreeTraverser.traverseChildren(Trees.scala:1648)
	at dotty.tools.dotc.semanticdb.ExtractSemanticDB$Extractor.traverse(ExtractSemanticDB.scala:259)
	at dotty.tools.dotc.ast.Trees$Instance$TreeTraverser.apply(Trees.scala:1647)
	at dotty.tools.dotc.ast.Trees$Instance$TreeTraverser.apply(Trees.scala:1647)
	at dotty.tools.dotc.ast.Trees$Instance$TreeAccumulator.foldOver(Trees.scala:1563)
	at dotty.tools.dotc.ast.Trees$Instance$TreeTraverser.traverseChildren(Trees.scala:1648)
	at dotty.tools.dotc.semanticdb.ExtractSemanticDB$Extractor.traverse(ExtractSemanticDB.scala:259)
	at dotty.tools.dotc.ast.Trees$Instance$TreeTraverser.apply(Trees.scala:1647)
	at dotty.tools.dotc.ast.Trees$Instance$TreeTraverser.apply(Trees.scala:1647)
	at dotty.tools.dotc.ast.Trees$Instance$TreeAccumulator.fold$1(Trees.scala:1522)
	at dotty.tools.dotc.ast.Trees$Instance$TreeAccumulator.apply(Trees.scala:1524)
	at dotty.tools.dotc.ast.Trees$Instance$TreeAccumulator.foldOver(Trees.scala:1561)
	at dotty.tools.dotc.ast.Trees$Instance$TreeTraverser.traverseChildren(Trees.scala:1648)
	at dotty.tools.dotc.semanticdb.ExtractSemanticDB$Extractor.traverse(ExtractSemanticDB.scala:259)
	at dotty.tools.dotc.semanticdb.ExtractSemanticDB$Extractor.traverse$$anonfun$12(ExtractSemanticDB.scala:214)
	at scala.runtime.function.JProcedure1.apply(JProcedure1.java:15)
	at scala.runtime.function.JProcedure1.apply(JProcedure1.java:10)
	at scala.collection.immutable.List.foreach(List.scala:333)
	at dotty.tools.dotc.semanticdb.ExtractSemanticDB$Extractor.traverse(ExtractSemanticDB.scala:214)
	at dotty.tools.dotc.ast.Trees$Instance$TreeTraverser.apply(Trees.scala:1647)
	at dotty.tools.dotc.ast.Trees$Instance$TreeTraverser.apply(Trees.scala:1647)
	at dotty.tools.dotc.ast.Trees$Instance$TreeAccumulator.foldOver(Trees.scala:1606)
	at dotty.tools.dotc.ast.Trees$Instance$TreeTraverser.traverseChildren(Trees.scala:1648)
	at dotty.tools.dotc.semanticdb.ExtractSemanticDB$Extractor.traverse(ExtractSemanticDB.scala:177)
	at dotty.tools.dotc.semanticdb.ExtractSemanticDB$Extractor.traverse$$anonfun$10(ExtractSemanticDB.scala:200)
	at scala.runtime.function.JProcedure1.apply(JProcedure1.java:15)
	at scala.runtime.function.JProcedure1.apply(JProcedure1.java:10)
	at scala.collection.immutable.List.foreach(List.scala:333)
	at dotty.tools.dotc.semanticdb.ExtractSemanticDB$Extractor.traverse(ExtractSemanticDB.scala:200)
	at dotty.tools.dotc.ast.Trees$Instance$TreeTraverser.apply(Trees.scala:1647)
	at dotty.tools.dotc.ast.Trees$Instance$TreeTraverser.apply(Trees.scala:1647)
	at dotty.tools.dotc.ast.Trees$Instance$TreeAccumulator.foldOver(Trees.scala:1614)
	at dotty.tools.dotc.ast.Trees$Instance$TreeAccumulator.foldOver(Trees.scala:1528)
	at dotty.tools.dotc.ast.Trees$Instance$TreeTraverser.traverseChildren(Trees.scala:1648)
	at dotty.tools.dotc.semanticdb.ExtractSemanticDB$Extractor.traverse(ExtractSemanticDB.scala:174)
	at dotty.tools.dotc.semanticdb.ExtractSemanticDB$Extractor.traverse$$anonfun$1(ExtractSemanticDB.scala:138)
	at scala.runtime.function.JProcedure1.apply(JProcedure1.java:15)
	at scala.runtime.function.JProcedure1.apply(JProcedure1.java:10)
	at scala.collection.immutable.List.foreach(List.scala:333)
	at dotty.tools.dotc.semanticdb.ExtractSemanticDB$Extractor.traverse(ExtractSemanticDB.scala:138)
	at scala.meta.internal.pc.SemanticdbTextDocumentProvider.textDocument(SemanticdbTextDocumentProvider.scala:39)
	at scala.meta.internal.pc.ScalaPresentationCompiler.semanticdbTextDocument$$anonfun$1(ScalaPresentationCompiler.scala:231)
	at scala.meta.internal.pc.CompilerAccess.withSharedCompiler(CompilerAccess.scala:137)
	at scala.meta.internal.pc.CompilerAccess.withNonInterruptableCompiler$$anonfun$1(CompilerAccess.scala:125)
	at scala.meta.internal.pc.CompilerAccess.onCompilerJobQueue$$anonfun$1(CompilerAccess.scala:197)
	at scala.meta.internal.pc.CompilerJobQueue$Job.run(CompilerJobQueue.scala:139)
	at java.util.concurrent.ThreadPoolExecutor.runWorker(ThreadPoolExecutor.java:1149)
	at java.util.concurrent.ThreadPoolExecutor$Worker.run(ThreadPoolExecutor.java:624)
	at java.lang.Thread.run(Thread.java:748)
2022.01.17 22:46:51 WARN  no build target for: C:\Users\Abanda\Downloads\workshop\zio-akka-quickstart\src\main\scala\me\abanda\Boot.scala
2022.01.17 22:47:05 INFO  time: code lens generation in 13s
Exception in thread "pool-3-thread-2" java.lang.AssertionError: NoDenotation.owner
	at dotty.tools.dotc.core.SymDenotations$NoDenotation$.owner(SymDenotations.scala:2503)
	at dotty.tools.dotc.semanticdb.ExtractSemanticDB$Extractor.traverse(ExtractSemanticDB.scala:186)
	at dotty.tools.dotc.ast.Trees$Instance$TreeTraverser.apply(Trees.scala:1647)
	at dotty.tools.dotc.ast.Trees$Instance$TreeTraverser.apply(Trees.scala:1647)
	at dotty.tools.dotc.ast.Trees$Instance$TreeAccumulator.foldOver(Trees.scala:1547)
	at dotty.tools.dotc.ast.Trees$Instance$TreeTraverser.traverseChildren(Trees.scala:1648)
	at dotty.tools.dotc.semanticdb.ExtractSemanticDB$Extractor.traverse(ExtractSemanticDB.scala:259)
	at dotty.tools.dotc.ast.Trees$Instance$TreeTraverser.apply(Trees.scala:1647)
	at dotty.tools.dotc.ast.Trees$Instance$TreeTraverser.apply(Trees.scala:1647)
	at dotty.tools.dotc.ast.Trees$Instance$TreeAccumulator.foldOver(Trees.scala:1555)
	at dotty.tools.dotc.ast.Trees$Instance$TreeTraverser.traverseChildren(Trees.scala:1648)
	at dotty.tools.dotc.semanticdb.ExtractSemanticDB$Extractor.traverse(ExtractSemanticDB.scala:259)
	at dotty.tools.dotc.ast.Trees$Instance$TreeTraverser.apply(Trees.scala:1647)
	at dotty.tools.dotc.ast.Trees$Instance$TreeTraverser.apply(Trees.scala:1647)
	at dotty.tools.dotc.ast.Trees$Instance$TreeAccumulator.foldOver(Trees.scala:1563)
	at dotty.tools.dotc.ast.Trees$Instance$TreeTraverser.traverseChildren(Trees.scala:1648)
	at dotty.tools.dotc.semanticdb.ExtractSemanticDB$Extractor.traverse(ExtractSemanticDB.scala:259)
	at dotty.tools.dotc.ast.Trees$Instance$TreeTraverser.apply(Trees.scala:1647)
	at dotty.tools.dotc.ast.Trees$Instance$TreeTraverser.apply(Trees.scala:1647)
	at dotty.tools.dotc.ast.Trees$Instance$TreeAccumulator.fold$1(Trees.scala:1522)
	at dotty.tools.dotc.ast.Trees$Instance$TreeAccumulator.apply(Trees.scala:1524)
	at dotty.tools.dotc.ast.Trees$Instance$TreeAccumulator.foldOver(Trees.scala:1561)
	at dotty.tools.dotc.ast.Trees$Instance$TreeTraverser.traverseChildren(Trees.scala:1648)
	at dotty.tools.dotc.semanticdb.ExtractSemanticDB$Extractor.traverse(ExtractSemanticDB.scala:259)
	at dotty.tools.dotc.semanticdb.ExtractSemanticDB$Extractor.traverse$$anonfun$12(ExtractSemanticDB.scala:214)
	at scala.runtime.function.JProcedure1.apply(JProcedure1.java:15)
	at scala.runtime.function.JProcedure1.apply(JProcedure1.java:10)
	at scala.collection.immutable.List.foreach(List.scala:333)
	at dotty.tools.dotc.semanticdb.ExtractSemanticDB$Extractor.traverse(ExtractSemanticDB.scala:214)
	at dotty.tools.dotc.ast.Trees$Instance$TreeTraverser.apply(Trees.scala:1647)
	at dotty.tools.dotc.ast.Trees$Instance$TreeTraverser.apply(Trees.scala:1647)
	at dotty.tools.dotc.ast.Trees$Instance$TreeAccumulator.foldOver(Trees.scala:1606)
	at dotty.tools.dotc.ast.Trees$Instance$TreeTraverser.traverseChildren(Trees.scala:1648)
	at dotty.tools.dotc.semanticdb.ExtractSemanticDB$Extractor.traverse(ExtractSemanticDB.scala:177)
	at dotty.tools.dotc.semanticdb.ExtractSemanticDB$Extractor.traverse$$anonfun$10(ExtractSemanticDB.scala:200)
	at scala.runtime.function.JProcedure1.apply(JProcedure1.java:15)
	at scala.runtime.function.JProcedure1.apply(JProcedure1.java:10)
	at scala.collection.immutable.List.foreach(List.scala:333)
	at dotty.tools.dotc.semanticdb.ExtractSemanticDB$Extractor.traverse(ExtractSemanticDB.scala:200)
	at dotty.tools.dotc.ast.Trees$Instance$TreeTraverser.apply(Trees.scala:1647)
	at dotty.tools.dotc.ast.Trees$Instance$TreeTraverser.apply(Trees.scala:1647)
	at dotty.tools.dotc.ast.Trees$Instance$TreeAccumulator.foldOver(Trees.scala:1614)
	at dotty.tools.dotc.ast.Trees$Instance$TreeAccumulator.foldOver(Trees.scala:1528)
	at dotty.tools.dotc.ast.Trees$Instance$TreeTraverser.traverseChildren(Trees.scala:1648)
	at dotty.tools.dotc.semanticdb.ExtractSemanticDB$Extractor.traverse(ExtractSemanticDB.scala:174)
	at dotty.tools.dotc.semanticdb.ExtractSemanticDB$Extractor.traverse$$anonfun$1(ExtractSemanticDB.scala:138)
	at scala.runtime.function.JProcedure1.apply(JProcedure1.java:15)
	at scala.runtime.function.JProcedure1.apply(JProcedure1.java:10)
	at scala.collection.immutable.List.foreach(List.scala:333)
	at dotty.tools.dotc.semanticdb.ExtractSemanticDB$Extractor.traverse(ExtractSemanticDB.scala:138)
	at scala.meta.internal.pc.SemanticdbTextDocumentProvider.textDocument(SemanticdbTextDocumentProvider.scala:39)
	at scala.meta.internal.pc.ScalaPresentationCompiler.semanticdbTextDocument$$anonfun$1(ScalaPresentationCompiler.scala:231)
	at scala.meta.internal.pc.CompilerAccess.withSharedCompiler(CompilerAccess.scala:137)
	at scala.meta.internal.pc.CompilerAccess.withNonInterruptableCompiler$$anonfun$1(CompilerAccess.scala:125)
	at scala.meta.internal.pc.CompilerAccess.onCompilerJobQueue$$anonfun$1(CompilerAccess.scala:197)
	at scala.meta.internal.pc.CompilerJobQueue$Job.run(CompilerJobQueue.scala:139)
	at java.util.concurrent.ThreadPoolExecutor.runWorker(ThreadPoolExecutor.java:1149)
	at java.util.concurrent.ThreadPoolExecutor$Worker.run(ThreadPoolExecutor.java:624)
	at java.lang.Thread.run(Thread.java:748)
2022.01.17 22:47:25 INFO  time: code lens generation in 39s
2022.01.17 22:48:40 WARN  no build target for: C:\Users\Abanda\Downloads\workshop\zio-akka-quickstart\src\main\scala\me\abanda\application\ApplicationService.scala
Exception in thread "pool-3-thread-3" java.lang.AssertionError: NoDenotation.owner
	at dotty.tools.dotc.core.SymDenotations$NoDenotation$.owner(SymDenotations.scala:2503)
	at dotty.tools.dotc.semanticdb.ExtractSemanticDB$Extractor.traverse(ExtractSemanticDB.scala:186)
	at dotty.tools.dotc.ast.Trees$Instance$TreeTraverser.apply(Trees.scala:1647)
	at dotty.tools.dotc.ast.Trees$Instance$TreeTraverser.apply(Trees.scala:1647)
	at dotty.tools.dotc.ast.Trees$Instance$TreeAccumulator.foldOver(Trees.scala:1547)
	at dotty.tools.dotc.ast.Trees$Instance$TreeTraverser.traverseChildren(Trees.scala:1648)
	at dotty.tools.dotc.semanticdb.ExtractSemanticDB$Extractor.traverse(ExtractSemanticDB.scala:259)
	at dotty.tools.dotc.ast.Trees$Instance$TreeTraverser.apply(Trees.scala:1647)
	at dotty.tools.dotc.ast.Trees$Instance$TreeTraverser.apply(Trees.scala:1647)
	at dotty.tools.dotc.ast.Trees$Instance$TreeAccumulator.foldOver(Trees.scala:1555)
	at dotty.tools.dotc.ast.Trees$Instance$TreeTraverser.traverseChildren(Trees.scala:1648)
	at dotty.tools.dotc.semanticdb.ExtractSemanticDB$Extractor.traverse(ExtractSemanticDB.scala:259)
	at dotty.tools.dotc.ast.Trees$Instance$TreeTraverser.apply(Trees.scala:1647)
	at dotty.tools.dotc.ast.Trees$Instance$TreeTraverser.apply(Trees.scala:1647)
	at dotty.tools.dotc.ast.Trees$Instance$TreeAccumulator.foldOver(Trees.scala:1563)
	at dotty.tools.dotc.ast.Trees$Instance$TreeTraverser.traverseChildren(Trees.scala:1648)
	at dotty.tools.dotc.semanticdb.ExtractSemanticDB$Extractor.traverse(ExtractSemanticDB.scala:259)
	at dotty.tools.dotc.ast.Trees$Instance$TreeTraverser.apply(Trees.scala:1647)
	at dotty.tools.dotc.ast.Trees$Instance$TreeTraverser.apply(Trees.scala:1647)
	at dotty.tools.dotc.ast.Trees$Instance$TreeAccumulator.fold$1(Trees.scala:1522)
	at dotty.tools.dotc.ast.Trees$Instance$TreeAccumulator.apply(Trees.scala:1524)
	at dotty.tools.dotc.ast.Trees$Instance$TreeAccumulator.foldOver(Trees.scala:1561)
	at dotty.tools.dotc.ast.Trees$Instance$TreeTraverser.traverseChildren(Trees.scala:1648)
	at dotty.tools.dotc.semanticdb.ExtractSemanticDB$Extractor.traverse(ExtractSemanticDB.scala:259)
	at dotty.tools.dotc.semanticdb.ExtractSemanticDB$Extractor.traverse$$anonfun$12(ExtractSemanticDB.scala:214)
	at scala.runtime.function.JProcedure1.apply(JProcedure1.java:15)
	at scala.runtime.function.JProcedure1.apply(JProcedure1.java:10)
	at scala.collection.immutable.List.foreach(List.scala:333)
	at dotty.tools.dotc.semanticdb.ExtractSemanticDB$Extractor.traverse(ExtractSemanticDB.scala:214)
	at dotty.tools.dotc.ast.Trees$Instance$TreeTraverser.apply(Trees.scala:1647)
	at dotty.tools.dotc.ast.Trees$Instance$TreeTraverser.apply(Trees.scala:1647)
	at dotty.tools.dotc.ast.Trees$Instance$TreeAccumulator.foldOver(Trees.scala:1606)
	at dotty.tools.dotc.ast.Trees$Instance$TreeTraverser.traverseChildren(Trees.scala:1648)
	at dotty.tools.dotc.semanticdb.ExtractSemanticDB$Extractor.traverse(ExtractSemanticDB.scala:177)
	at dotty.tools.dotc.semanticdb.ExtractSemanticDB$Extractor.traverse$$anonfun$10(ExtractSemanticDB.scala:200)
	at scala.runtime.function.JProcedure1.apply(JProcedure1.java:15)
	at scala.runtime.function.JProcedure1.apply(JProcedure1.java:10)
	at scala.collection.immutable.List.foreach(List.scala:333)
	at dotty.tools.dotc.semanticdb.ExtractSemanticDB$Extractor.traverse(ExtractSemanticDB.scala:200)
	at dotty.tools.dotc.ast.Trees$Instance$TreeTraverser.apply(Trees.scala:1647)
	at dotty.tools.dotc.ast.Trees$Instance$TreeTraverser.apply(Trees.scala:1647)
	at dotty.tools.dotc.ast.Trees$Instance$TreeAccumulator.foldOver(Trees.scala:1614)
	at dotty.tools.dotc.ast.Trees$Instance$TreeAccumulator.foldOver(Trees.scala:1528)
	at dotty.tools.dotc.ast.Trees$Instance$TreeTraverser.traverseChildren(Trees.scala:1648)
	at dotty.tools.dotc.semanticdb.ExtractSemanticDB$Extractor.traverse(ExtractSemanticDB.scala:174)
	at dotty.tools.dotc.semanticdb.ExtractSemanticDB$Extractor.traverse$$anonfun$1(ExtractSemanticDB.scala:138)
	at scala.runtime.function.JProcedure1.apply(JProcedure1.java:15)
	at scala.runtime.function.JProcedure1.apply(JProcedure1.java:10)
	at scala.collection.immutable.List.foreach(List.scala:333)
	at dotty.tools.dotc.semanticdb.ExtractSemanticDB$Extractor.traverse(ExtractSemanticDB.scala:138)
	at scala.meta.internal.pc.SemanticdbTextDocumentProvider.textDocument(SemanticdbTextDocumentProvider.scala:39)
	at scala.meta.internal.pc.ScalaPresentationCompiler.semanticdbTextDocument$$anonfun$1(ScalaPresentationCompiler.scala:231)
	at scala.meta.internal.pc.CompilerAccess.withSharedCompiler(CompilerAccess.scala:137)
	at scala.meta.internal.pc.CompilerAccess.withNonInterruptableCompiler$$anonfun$1(CompilerAccess.scala:125)
	at scala.meta.internal.pc.CompilerAccess.onCompilerJobQueue$$anonfun$1(CompilerAccess.scala:197)
	at scala.meta.internal.pc.CompilerJobQueue$Job.run(CompilerJobQueue.scala:139)
	at java.util.concurrent.ThreadPoolExecutor.runWorker(ThreadPoolExecutor.java:1149)
	at java.util.concurrent.ThreadPoolExecutor$Worker.run(ThreadPoolExecutor.java:624)
	at java.lang.Thread.run(Thread.java:748)
2022.01.17 22:48:53 WARN  no build target for: C:\Users\Abanda\Downloads\workshop\zio-akka-quickstart\src\main\scala\me\abanda\api\Api.scala
2022.01.17 22:49:00 INFO  time: code lens generation in 7.06s
Exception in thread "pool-3-thread-4" java.lang.AssertionError: NoDenotation.owner
	at dotty.tools.dotc.core.SymDenotations$NoDenotation$.owner(SymDenotations.scala:2503)
	at dotty.tools.dotc.semanticdb.ExtractSemanticDB$Extractor.traverse(ExtractSemanticDB.scala:186)
	at dotty.tools.dotc.ast.Trees$Instance$TreeTraverser.apply(Trees.scala:1647)
	at dotty.tools.dotc.ast.Trees$Instance$TreeTraverser.apply(Trees.scala:1647)
	at dotty.tools.dotc.ast.Trees$Instance$TreeAccumulator.foldOver(Trees.scala:1547)
	at dotty.tools.dotc.ast.Trees$Instance$TreeTraverser.traverseChildren(Trees.scala:1648)
	at dotty.tools.dotc.semanticdb.ExtractSemanticDB$Extractor.traverse(ExtractSemanticDB.scala:259)
	at dotty.tools.dotc.ast.Trees$Instance$TreeTraverser.apply(Trees.scala:1647)
	at dotty.tools.dotc.ast.Trees$Instance$TreeTraverser.apply(Trees.scala:1647)
	at dotty.tools.dotc.ast.Trees$Instance$TreeAccumulator.foldOver(Trees.scala:1555)
	at dotty.tools.dotc.ast.Trees$Instance$TreeTraverser.traverseChildren(Trees.scala:1648)
	at dotty.tools.dotc.semanticdb.ExtractSemanticDB$Extractor.traverse(ExtractSemanticDB.scala:259)
	at dotty.tools.dotc.ast.Trees$Instance$TreeTraverser.apply(Trees.scala:1647)
	at dotty.tools.dotc.ast.Trees$Instance$TreeTraverser.apply(Trees.scala:1647)
	at dotty.tools.dotc.ast.Trees$Instance$TreeAccumulator.foldOver(Trees.scala:1563)
	at dotty.tools.dotc.ast.Trees$Instance$TreeTraverser.traverseChildren(Trees.scala:1648)
	at dotty.tools.dotc.semanticdb.ExtractSemanticDB$Extractor.traverse(ExtractSemanticDB.scala:259)
	at dotty.tools.dotc.ast.Trees$Instance$TreeTraverser.apply(Trees.scala:1647)
	at dotty.tools.dotc.ast.Trees$Instance$TreeTraverser.apply(Trees.scala:1647)
	at dotty.tools.dotc.ast.Trees$Instance$TreeAccumulator.fold$1(Trees.scala:1522)
	at dotty.tools.dotc.ast.Trees$Instance$TreeAccumulator.apply(Trees.scala:1524)
	at dotty.tools.dotc.ast.Trees$Instance$TreeAccumulator.foldOver(Trees.scala:1561)
	at dotty.tools.dotc.ast.Trees$Instance$TreeTraverser.traverseChildren(Trees.scala:1648)
	at dotty.tools.dotc.semanticdb.ExtractSemanticDB$Extractor.traverse(ExtractSemanticDB.scala:259)
	at dotty.tools.dotc.semanticdb.ExtractSemanticDB$Extractor.traverse$$anonfun$12(ExtractSemanticDB.scala:214)
	at scala.runtime.function.JProcedure1.apply(JProcedure1.java:15)
	at scala.runtime.function.JProcedure1.apply(JProcedure1.java:10)
	at scala.collection.immutable.List.foreach(List.scala:333)
	at dotty.tools.dotc.semanticdb.ExtractSemanticDB$Extractor.traverse(ExtractSemanticDB.scala:214)
	at dotty.tools.dotc.ast.Trees$Instance$TreeTraverser.apply(Trees.scala:1647)
	at dotty.tools.dotc.ast.Trees$Instance$TreeTraverser.apply(Trees.scala:1647)
	at dotty.tools.dotc.ast.Trees$Instance$TreeAccumulator.foldOver(Trees.scala:1606)
	at dotty.tools.dotc.ast.Trees$Instance$TreeTraverser.traverseChildren(Trees.scala:1648)
	at dotty.tools.dotc.semanticdb.ExtractSemanticDB$Extractor.traverse(ExtractSemanticDB.scala:177)
	at dotty.tools.dotc.semanticdb.ExtractSemanticDB$Extractor.traverse$$anonfun$10(ExtractSemanticDB.scala:200)
	at scala.runtime.function.JProcedure1.apply(JProcedure1.java:15)
	at scala.runtime.function.JProcedure1.apply(JProcedure1.java:10)
	at scala.collection.immutable.List.foreach(List.scala:333)
	at dotty.tools.dotc.semanticdb.ExtractSemanticDB$Extractor.traverse(ExtractSemanticDB.scala:200)
	at dotty.tools.dotc.ast.Trees$Instance$TreeTraverser.apply(Trees.scala:1647)
	at dotty.tools.dotc.ast.Trees$Instance$TreeTraverser.apply(Trees.scala:1647)
	at dotty.tools.dotc.ast.Trees$Instance$TreeAccumulator.foldOver(Trees.scala:1614)
	at dotty.tools.dotc.ast.Trees$Instance$TreeAccumulator.foldOver(Trees.scala:1528)
	at dotty.tools.dotc.ast.Trees$Instance$TreeTraverser.traverseChildren(Trees.scala:1648)
	at dotty.tools.dotc.semanticdb.ExtractSemanticDB$Extractor.traverse(ExtractSemanticDB.scala:174)
	at dotty.tools.dotc.semanticdb.ExtractSemanticDB$Extractor.traverse$$anonfun$1(ExtractSemanticDB.scala:138)
	at scala.runtime.function.JProcedure1.apply(JProcedure1.java:15)
	at scala.runtime.function.JProcedure1.apply(JProcedure1.java:10)
	at scala.collection.immutable.List.foreach(List.scala:333)
	at dotty.tools.dotc.semanticdb.ExtractSemanticDB$Extractor.traverse(ExtractSemanticDB.scala:138)
	at scala.meta.internal.pc.SemanticdbTextDocumentProvider.textDocument(SemanticdbTextDocumentProvider.scala:39)
	at scala.meta.internal.pc.ScalaPresentationCompiler.semanticdbTextDocument$$anonfun$1(ScalaPresentationCompiler.scala:231)
	at scala.meta.internal.pc.CompilerAccess.withSharedCompiler(CompilerAccess.scala:137)
	at scala.meta.internal.pc.CompilerAccess.withNonInterruptableCompiler$$anonfun$1(CompilerAccess.scala:125)
	at scala.meta.internal.pc.CompilerAccess.onCompilerJobQueue$$anonfun$1(CompilerAccess.scala:197)
	at scala.meta.internal.pc.CompilerJobQueue$Job.run(CompilerJobQueue.scala:139)
	at java.util.concurrent.ThreadPoolExecutor.runWorker(ThreadPoolExecutor.java:1149)
	at java.util.concurrent.ThreadPoolExecutor$Worker.run(ThreadPoolExecutor.java:624)
	at java.lang.Thread.run(Thread.java:748)
2022.01.17 22:49:20 INFO  time: code lens generation in 39s
2022.01.17 22:54:41 INFO  shutting down Metals
2022.01.17 22:55:18 INFO  tracing is disabled for protocol LSP, to enable tracing of incoming and outgoing JSON messages create an empty file at c:\Users\Abanda\Downloads\workshop\zio-akka-quickstart\.metals\lsp.trace.json or C:\Users\Abanda\AppData\Local\scalameta\metals\cache\lsp.trace.json
2022.01.17 22:55:20 INFO  logging to file C:\Users\Abanda\Downloads\workshop\zio-akka-quickstart\.metals\metals.log
2022.01.17 22:55:20 INFO  Started: Metals version 0.11.1 in workspace 'C:\Users\Abanda\Downloads\workshop\zio-akka-quickstart' for client Visual Studio Code 1.63.2.
2022.01.17 22:55:20 INFO  Parse release: 1.8.0_281
2022.01.17 22:55:23 INFO  time: initialize in 3s
2022.01.17 22:55:24 WARN  Build server is not auto-connectable.
2022.01.17 22:55:24 INFO  skipping build import with status 'Requested'
Align: top-level presets deprecated; use 'preset' subsection
IndentOperator: top-level presets deprecated; use 'preset' subsection
DanglingParentheses: top-level presets deprecated; use 'preset' subsection
Jan 19, 2022 2:11:07 PM org.eclipse.lsp4j.jsonrpc.services.GenericEndpoint notify
INFO: Unsupported notification method: $/setTrace
2022.01.19 14:29:36 WARN  no build target for: C:\Users\Abanda\Downloads\workshop\zio-akka-quickstart\build.sbt
Jan 19, 2022 2:29:37 PM org.eclipse.lsp4j.jsonrpc.RemoteEndpoint handleCancellation
WARNING: Unmatched cancel notification for request id 2
2022.01.19 14:29:44 INFO  no build target found for C:\Users\Abanda\Downloads\workshop\zio-akka-quickstart\build.sbt. Using presentation compiler with project's scala-library version: 3.1.0
2022.01.19 14:29:48 INFO  time: code lens generation in 11s
2022.01.19 14:35:38 WARN  no build target for: C:\Users\Abanda\Downloads\workshop\zio-akka-quickstart\build.sbt
2022.01.19 14:36:49 WARN  no build target for: C:\Users\Abanda\Downloads\workshop\zio-akka-quickstart\src\main\scala\me\abanda\config\AppConfig.scala
2022.01.19 14:37:08 WARN  no build target for: C:\Users\Abanda\Downloads\workshop\zio-akka-quickstart\src\main\scala\me\abanda\api\graphql\GraphQLApi.scala
2022.01.19 14:37:29 WARN  no build target for: C:\Users\Abanda\Downloads\workshop\zio-akka-quickstart\src\main\scala\me\abanda\api\healthcheck\DbStatus.scala
2022.01.19 14:37:33 WARN  no build target for: C:\Users\Abanda\Downloads\workshop\zio-akka-quickstart\src\main\scala\me\abanda\api\Api.scala
2022.01.19 14:38:40 WARN  no build target for: C:\Users\Abanda\Downloads\workshop\zio-akka-quickstart\src\main\scala\me\abanda\api\protocol.scala
2022.01.19 14:38:45 WARN  no build target for: C:\Users\Abanda\Downloads\workshop\zio-akka-quickstart\src\main\scala\me\abanda\application\ApplicationService.scala
Exception in thread "pool-3-thread-1" java.lang.AssertionError: NoDenotation.owner
	at dotty.tools.dotc.core.SymDenotations$NoDenotation$.owner(SymDenotations.scala:2503)
	at dotty.tools.dotc.semanticdb.ExtractSemanticDB$Extractor.traverse(ExtractSemanticDB.scala:186)
	at dotty.tools.dotc.ast.Trees$Instance$TreeTraverser.apply(Trees.scala:1647)
	at dotty.tools.dotc.ast.Trees$Instance$TreeTraverser.apply(Trees.scala:1647)
	at dotty.tools.dotc.ast.Trees$Instance$TreeAccumulator.foldOver(Trees.scala:1547)
	at dotty.tools.dotc.ast.Trees$Instance$TreeTraverser.traverseChildren(Trees.scala:1648)
	at dotty.tools.dotc.semanticdb.ExtractSemanticDB$Extractor.traverse(ExtractSemanticDB.scala:259)
	at dotty.tools.dotc.ast.Trees$Instance$TreeTraverser.apply(Trees.scala:1647)
	at dotty.tools.dotc.ast.Trees$Instance$TreeTraverser.apply(Trees.scala:1647)
	at dotty.tools.dotc.ast.Trees$Instance$TreeAccumulator.foldOver(Trees.scala:1555)
	at dotty.tools.dotc.ast.Trees$Instance$TreeTraverser.traverseChildren(Trees.scala:1648)
	at dotty.tools.dotc.semanticdb.ExtractSemanticDB$Extractor.traverse(ExtractSemanticDB.scala:259)
	at dotty.tools.dotc.ast.Trees$Instance$TreeTraverser.apply(Trees.scala:1647)
	at dotty.tools.dotc.ast.Trees$Instance$TreeTraverser.apply(Trees.scala:1647)
	at dotty.tools.dotc.ast.Trees$Instance$TreeAccumulator.foldOver(Trees.scala:1563)
	at dotty.tools.dotc.ast.Trees$Instance$TreeTraverser.traverseChildren(Trees.scala:1648)
	at dotty.tools.dotc.semanticdb.ExtractSemanticDB$Extractor.traverse(ExtractSemanticDB.scala:259)
	at dotty.tools.dotc.ast.Trees$Instance$TreeTraverser.apply(Trees.scala:1647)
	at dotty.tools.dotc.ast.Trees$Instance$TreeTraverser.apply(Trees.scala:1647)
	at dotty.tools.dotc.ast.Trees$Instance$TreeAccumulator.fold$1(Trees.scala:1522)
	at dotty.tools.dotc.ast.Trees$Instance$TreeAccumulator.apply(Trees.scala:1524)
	at dotty.tools.dotc.ast.Trees$Instance$TreeAccumulator.foldOver(Trees.scala:1561)
	at dotty.tools.dotc.ast.Trees$Instance$TreeTraverser.traverseChildren(Trees.scala:1648)
	at dotty.tools.dotc.semanticdb.ExtractSemanticDB$Extractor.traverse(ExtractSemanticDB.scala:259)
	at dotty.tools.dotc.semanticdb.ExtractSemanticDB$Extractor.traverse$$anonfun$12(ExtractSemanticDB.scala:214)
	at scala.runtime.function.JProcedure1.apply(JProcedure1.java:15)
	at scala.runtime.function.JProcedure1.apply(JProcedure1.java:10)
	at scala.collection.immutable.List.foreach(List.scala:333)
	at dotty.tools.dotc.semanticdb.ExtractSemanticDB$Extractor.traverse(ExtractSemanticDB.scala:214)
	at dotty.tools.dotc.ast.Trees$Instance$TreeTraverser.apply(Trees.scala:1647)
	at dotty.tools.dotc.ast.Trees$Instance$TreeTraverser.apply(Trees.scala:1647)
	at dotty.tools.dotc.ast.Trees$Instance$TreeAccumulator.foldOver(Trees.scala:1606)
	at dotty.tools.dotc.ast.Trees$Instance$TreeTraverser.traverseChildren(Trees.scala:1648)
	at dotty.tools.dotc.semanticdb.ExtractSemanticDB$Extractor.traverse(ExtractSemanticDB.scala:177)
	at dotty.tools.dotc.semanticdb.ExtractSemanticDB$Extractor.traverse$$anonfun$10(ExtractSemanticDB.scala:200)
	at scala.runtime.function.JProcedure1.apply(JProcedure1.java:15)
	at scala.runtime.function.JProcedure1.apply(JProcedure1.java:10)
	at scala.collection.immutable.List.foreach(List.scala:333)
	at dotty.tools.dotc.semanticdb.ExtractSemanticDB$Extractor.traverse(ExtractSemanticDB.scala:200)
	at dotty.tools.dotc.ast.Trees$Instance$TreeTraverser.apply(Trees.scala:1647)
	at dotty.tools.dotc.ast.Trees$Instance$TreeTraverser.apply(Trees.scala:1647)
	at dotty.tools.dotc.ast.Trees$Instance$TreeAccumulator.foldOver(Trees.scala:1614)
	at dotty.tools.dotc.ast.Trees$Instance$TreeAccumulator.foldOver(Trees.scala:1528)
	at dotty.tools.dotc.ast.Trees$Instance$TreeTraverser.traverseChildren(Trees.scala:1648)
	at dotty.tools.dotc.semanticdb.ExtractSemanticDB$Extractor.traverse(ExtractSemanticDB.scala:174)
	at dotty.tools.dotc.semanticdb.ExtractSemanticDB$Extractor.traverse$$anonfun$1(ExtractSemanticDB.scala:138)
	at scala.runtime.function.JProcedure1.apply(JProcedure1.java:15)
	at scala.runtime.function.JProcedure1.apply(JProcedure1.java:10)
	at scala.collection.immutable.List.foreach(List.scala:333)
	at dotty.tools.dotc.semanticdb.ExtractSemanticDB$Extractor.traverse(ExtractSemanticDB.scala:138)
	at scala.meta.internal.pc.SemanticdbTextDocumentProvider.textDocument(SemanticdbTextDocumentProvider.scala:39)
	at scala.meta.internal.pc.ScalaPresentationCompiler.semanticdbTextDocument$$anonfun$1(ScalaPresentationCompiler.scala:231)
	at scala.meta.internal.pc.CompilerAccess.withSharedCompiler(CompilerAccess.scala:137)
	at scala.meta.internal.pc.CompilerAccess.withNonInterruptableCompiler$$anonfun$1(CompilerAccess.scala:125)
	at scala.meta.internal.pc.CompilerAccess.onCompilerJobQueue$$anonfun$1(CompilerAccess.scala:197)
	at scala.meta.internal.pc.CompilerJobQueue$Job.run(CompilerJobQueue.scala:139)
	at java.util.concurrent.ThreadPoolExecutor.runWorker(ThreadPoolExecutor.java:1149)
	at java.util.concurrent.ThreadPoolExecutor$Worker.run(ThreadPoolExecutor.java:624)
	at java.lang.Thread.run(Thread.java:748)
2022.01.19 14:39:01 WARN  no build target for: C:\Users\Abanda\Downloads\workshop\zio-akka-quickstart\src\main\scala\me\abanda\domain\DomainError.scala
2022.01.19 14:39:04 WARN  no build target for: C:\Users\Abanda\Downloads\workshop\zio-akka-quickstart\src\main\scala\me\abanda\domain\ItemRepository.scala
2022.01.19 14:39:05 INFO  time: code lens generation in 1.38s
2022.01.19 14:39:06 INFO  time: code lens generation in 4.57s
Exception in thread "pool-3-thread-2" java.lang.AssertionError: NoDenotation.owner
	at dotty.tools.dotc.core.SymDenotations$NoDenotation$.owner(SymDenotations.scala:2503)
	at dotty.tools.dotc.semanticdb.ExtractSemanticDB$Extractor.traverse(ExtractSemanticDB.scala:186)
	at dotty.tools.dotc.ast.Trees$Instance$TreeTraverser.apply(Trees.scala:1647)
	at dotty.tools.dotc.ast.Trees$Instance$TreeTraverser.apply(Trees.scala:1647)
	at dotty.tools.dotc.ast.Trees$Instance$TreeAccumulator.foldOver(Trees.scala:1547)
	at dotty.tools.dotc.ast.Trees$Instance$TreeTraverser.traverseChildren(Trees.scala:1648)
	at dotty.tools.dotc.semanticdb.ExtractSemanticDB$Extractor.traverse(ExtractSemanticDB.scala:259)
	at dotty.tools.dotc.ast.Trees$Instance$TreeTraverser.apply(Trees.scala:1647)
	at dotty.tools.dotc.ast.Trees$Instance$TreeTraverser.apply(Trees.scala:1647)
	at dotty.tools.dotc.ast.Trees$Instance$TreeAccumulator.foldOver(Trees.scala:1555)
	at dotty.tools.dotc.ast.Trees$Instance$TreeTraverser.traverseChildren(Trees.scala:1648)
	at dotty.tools.dotc.semanticdb.ExtractSemanticDB$Extractor.traverse(ExtractSemanticDB.scala:259)
	at dotty.tools.dotc.ast.Trees$Instance$TreeTraverser.apply(Trees.scala:1647)
	at dotty.tools.dotc.ast.Trees$Instance$TreeTraverser.apply(Trees.scala:1647)
	at dotty.tools.dotc.ast.Trees$Instance$TreeAccumulator.foldOver(Trees.scala:1563)
	at dotty.tools.dotc.ast.Trees$Instance$TreeTraverser.traverseChildren(Trees.scala:1648)
	at dotty.tools.dotc.semanticdb.ExtractSemanticDB$Extractor.traverse(ExtractSemanticDB.scala:259)
	at dotty.tools.dotc.ast.Trees$Instance$TreeTraverser.apply(Trees.scala:1647)
	at dotty.tools.dotc.ast.Trees$Instance$TreeTraverser.apply(Trees.scala:1647)
	at dotty.tools.dotc.ast.Trees$Instance$TreeAccumulator.fold$1(Trees.scala:1522)
	at dotty.tools.dotc.ast.Trees$Instance$TreeAccumulator.apply(Trees.scala:1524)
	at dotty.tools.dotc.ast.Trees$Instance$TreeAccumulator.foldOver(Trees.scala:1561)
	at dotty.tools.dotc.ast.Trees$Instance$TreeTraverser.traverseChildren(Trees.scala:1648)
	at dotty.tools.dotc.semanticdb.ExtractSemanticDB$Extractor.traverse(ExtractSemanticDB.scala:259)
	at dotty.tools.dotc.semanticdb.ExtractSemanticDB$Extractor.traverse$$anonfun$12(ExtractSemanticDB.scala:214)
	at scala.runtime.function.JProcedure1.apply(JProcedure1.java:15)
	at scala.runtime.function.JProcedure1.apply(JProcedure1.java:10)
	at scala.collection.immutable.List.foreach(List.scala:333)
	at dotty.tools.dotc.semanticdb.ExtractSemanticDB$Extractor.traverse(ExtractSemanticDB.scala:214)
	at dotty.tools.dotc.ast.Trees$Instance$TreeTraverser.apply(Trees.scala:1647)
	at dotty.tools.dotc.ast.Trees$Instance$TreeTraverser.apply(Trees.scala:1647)
	at dotty.tools.dotc.ast.Trees$Instance$TreeAccumulator.foldOver(Trees.scala:1606)
	at dotty.tools.dotc.ast.Trees$Instance$TreeTraverser.traverseChildren(Trees.scala:1648)
	at dotty.tools.dotc.semanticdb.ExtractSemanticDB$Extractor.traverse(ExtractSemanticDB.scala:177)
	at dotty.tools.dotc.semanticdb.ExtractSemanticDB$Extractor.traverse$$anonfun$10(ExtractSemanticDB.scala:200)
	at scala.runtime.function.JProcedure1.apply(JProcedure1.java:15)
	at scala.runtime.function.JProcedure1.apply(JProcedure1.java:10)
	at scala.collection.immutable.List.foreach(List.scala:333)
	at dotty.tools.dotc.semanticdb.ExtractSemanticDB$Extractor.traverse(ExtractSemanticDB.scala:200)
	at dotty.tools.dotc.ast.Trees$Instance$TreeTraverser.apply(Trees.scala:1647)
	at dotty.tools.dotc.ast.Trees$Instance$TreeTraverser.apply(Trees.scala:1647)
	at dotty.tools.dotc.ast.Trees$Instance$TreeAccumulator.foldOver(Trees.scala:1614)
	at dotty.tools.dotc.ast.Trees$Instance$TreeAccumulator.foldOver(Trees.scala:1528)
	at dotty.tools.dotc.ast.Trees$Instance$TreeTraverser.traverseChildren(Trees.scala:1648)
	at dotty.tools.dotc.semanticdb.ExtractSemanticDB$Extractor.traverse(ExtractSemanticDB.scala:174)
	at dotty.tools.dotc.semanticdb.ExtractSemanticDB$Extractor.traverse$$anonfun$1(ExtractSemanticDB.scala:138)
	at scala.runtime.function.JProcedure1.apply(JProcedure1.java:15)
	at scala.runtime.function.JProcedure1.apply(JProcedure1.java:10)
	at scala.collection.immutable.List.foreach(List.scala:333)
	at dotty.tools.dotc.semanticdb.ExtractSemanticDB$Extractor.traverse(ExtractSemanticDB.scala:138)
	at scala.meta.internal.pc.SemanticdbTextDocumentProvider.textDocument(SemanticdbTextDocumentProvider.scala:39)
	at scala.meta.internal.pc.ScalaPresentationCompiler.semanticdbTextDocument$$anonfun$1(ScalaPresentationCompiler.scala:231)
	at scala.meta.internal.pc.CompilerAccess.withSharedCompiler(CompilerAccess.scala:137)
	at scala.meta.internal.pc.CompilerAccess.withNonInterruptableCompiler$$anonfun$1(CompilerAccess.scala:125)
	at scala.meta.internal.pc.CompilerAccess.onCompilerJobQueue$$anonfun$1(CompilerAccess.scala:197)
	at scala.meta.internal.pc.CompilerJobQueue$Job.run(CompilerJobQueue.scala:139)
	at java.util.concurrent.ThreadPoolExecutor.runWorker(ThreadPoolExecutor.java:1149)
	at java.util.concurrent.ThreadPoolExecutor$Worker.run(ThreadPoolExecutor.java:624)
	at java.lang.Thread.run(Thread.java:748)
2022.01.19 14:39:26 INFO  time: code lens generation in 7.69s
2022.01.19 14:39:26 INFO  time: code lens generation in 40s
2022.01.19 14:40:20 WARN  no build target for: C:\Users\Abanda\Downloads\workshop\zio-akka-quickstart\src\main\scala\me\abanda\domain\models.scala
2022.01.19 14:40:34 WARN  no build target for: C:\Users\Abanda\Downloads\workshop\zio-akka-quickstart\src\main\scala\me\abanda\domain\Subscriber.scala
2022.01.19 14:40:48 WARN  no build target for: C:\Users\Abanda\Downloads\workshop\zio-akka-quickstart\src\main\scala\me\abanda\infrastructure\flyway\Flyway.scala
2022.01.19 14:41:35 WARN  no build target for: C:\Users\Abanda\Downloads\workshop\zio-akka-quickstart\src\main\scala\me\abanda\infrastructure\flyway\FlywayProvider.scala
2022.01.19 14:42:32 WARN  no build target for: C:\Users\Abanda\Downloads\workshop\zio-akka-quickstart\src\main\scala\me\abanda\infrastructure\flyway\MigrateResult.scala
2022.01.19 14:43:05 WARN  no build target for: C:\Users\Abanda\Downloads\workshop\zio-akka-quickstart\src\main\scala\me\abanda\infrastructure\tables\ItemsTable.scala
Exception in thread "pool-3-thread-3" java.lang.AssertionError: NoDenotation.owner
	at dotty.tools.dotc.core.SymDenotations$NoDenotation$.owner(SymDenotations.scala:2503)
	at dotty.tools.dotc.semanticdb.ExtractSemanticDB$Extractor.traverse(ExtractSemanticDB.scala:186)
	at dotty.tools.dotc.ast.Trees$Instance$TreeTraverser.apply(Trees.scala:1647)
	at dotty.tools.dotc.ast.Trees$Instance$TreeTraverser.apply(Trees.scala:1647)
	at dotty.tools.dotc.ast.Trees$Instance$TreeAccumulator.foldOver(Trees.scala:1614)
	at dotty.tools.dotc.ast.Trees$Instance$TreeAccumulator.foldOver(Trees.scala:1528)
	at dotty.tools.dotc.ast.Trees$Instance$TreeTraverser.traverseChildren(Trees.scala:1648)
	at dotty.tools.dotc.semanticdb.ExtractSemanticDB$Extractor.traverse(ExtractSemanticDB.scala:174)
	at dotty.tools.dotc.semanticdb.ExtractSemanticDB$Extractor.traverse$$anonfun$1(ExtractSemanticDB.scala:138)
	at scala.runtime.function.JProcedure1.apply(JProcedure1.java:15)
	at scala.runtime.function.JProcedure1.apply(JProcedure1.java:10)
	at scala.collection.immutable.List.foreach(List.scala:333)
	at dotty.tools.dotc.semanticdb.ExtractSemanticDB$Extractor.traverse(ExtractSemanticDB.scala:138)
	at scala.meta.internal.pc.SemanticdbTextDocumentProvider.textDocument(SemanticdbTextDocumentProvider.scala:39)
	at scala.meta.internal.pc.ScalaPresentationCompiler.semanticdbTextDocument$$anonfun$1(ScalaPresentationCompiler.scala:231)
	at scala.meta.internal.pc.CompilerAccess.withSharedCompiler(CompilerAccess.scala:137)
	at scala.meta.internal.pc.CompilerAccess.withNonInterruptableCompiler$$anonfun$1(CompilerAccess.scala:125)
	at scala.meta.internal.pc.CompilerAccess.onCompilerJobQueue$$anonfun$1(CompilerAccess.scala:197)
	at scala.meta.internal.pc.CompilerJobQueue$Job.run(CompilerJobQueue.scala:139)
	at java.util.concurrent.ThreadPoolExecutor.runWorker(ThreadPoolExecutor.java:1149)
	at java.util.concurrent.ThreadPoolExecutor$Worker.run(ThreadPoolExecutor.java:624)
	at java.lang.Thread.run(Thread.java:748)
2022.01.19 14:43:25 INFO  time: code lens generation in 20s
2022.01.19 14:44:02 WARN  no build target for: C:\Users\Abanda\Downloads\workshop\zio-akka-quickstart\src\main\scala\me\abanda\infrastructure\EntityIdMappers.scala
2022.01.19 14:44:26 WARN  no build target for: C:\Users\Abanda\Downloads\workshop\zio-akka-quickstart\src\main\scala\me\abanda\infrastructure\EventSubscriber.scala
2022.01.19 14:44:51 WARN  no build target for: C:\Users\Abanda\Downloads\workshop\zio-akka-quickstart\src\main\scala\me\abanda\infrastructure\SlickHealthCheckService.scala
2022.01.19 14:44:58 WARN  no build target for: C:\Users\Abanda\Downloads\workshop\zio-akka-quickstart\src\main\scala\me\abanda\infrastructure\SlickItemRepository.scala
2022.01.19 14:45:09 WARN  no build target for: C:\Users\Abanda\Downloads\workshop\zio-akka-quickstart\src\main\scala\me\abanda\Boot.scala
2022.01.19 15:34:53 INFO  shutting down Metals
